[2016-12-01 02:53:41] INFO  WEBrick 1.3.1
[2016-12-01 02:53:41] INFO  ruby 2.3.1 (2016-04-26) [x86_64-linux]
[2016-12-01 02:53:41] INFO  WEBrick::HTTPServer#start: pid=13393 port=3000
=> Booting WEBrick
=> Rails 4.1.5 application starting in development on http://0.0.0.0:3000
=> Run `rails server -h` for more startup options
=> Notice: server is listening on all interfaces (0.0.0.0). Consider using 127.0.0.1 (--binding option)
=> Ctrl-C to shutdown server


Started GET "/" for 73.154.178.9 at 2016-12-01 02:53:41 -0500
  [1m[36mActiveRecord::SchemaMigration Load (0.9ms)[0m  [1mSELECT "schema_migrations".* FROM "schema_migrations"[0m
Processing by HomeController#index as HTML
  Rendered text template (0.0ms)
Filter chain halted as :check_for_valid_authtoken rendered or redirected
Completed 401 Unauthorized in 28ms (Views: 7.8ms | ActiveRecord: 0.0ms)


Started GET "/" for 73.154.178.9 at 2016-12-01 02:53:46 -0500
Processing by HomeController#index as HTML
  Rendered text template (0.0ms)
Filter chain halted as :check_for_valid_authtoken rendered or redirected
Completed 401 Unauthorized in 2ms (Views: 0.8ms | ActiveRecord: 0.0ms)


Started GET "/" for 73.154.178.9 at 2016-12-01 02:53:47 -0500
Processing by HomeController#index as HTML
  Rendered text template (0.1ms)
Filter chain halted as :check_for_valid_authtoken rendered or redirected
Completed 401 Unauthorized in 2ms (Views: 0.8ms | ActiveRecord: 0.0ms)


Started GET "/foods/new" for 73.154.178.9 at 2016-12-01 02:53:51 -0500
Processing by FoodsController#new as HTML
  Rendered text template (0.0ms)
Filter chain halted as :check_for_valid_authtoken rendered or redirected
Completed 401 Unauthorized in 2ms (Views: 0.8ms | ActiveRecord: 0.0ms)


Started POST "/api/signin" for 128.237.181.6 at 2016-12-01 09:18:28 -0500
Processing by ApiController#signin as */*
  Parameters: {"name"=>"Jordan Stapinski", "email"=>"jestapinski@yahoo.com", "fb_id"=>"696776167167123", "accessToken"=>"EAADET7KopLkBAGVFD5y15ZBCYAY5hV8mv6AaHdsFv929GBK1aEZARmZA5rmA39F1ZAnTPtqvLK1OXMrLOwnporH9dsDyXOCGDKYfHKqChova8lQsjibKhP1jdlqHwhZAd148qxEGiwpZBThedZB7nP2hzq81KviInjIVARx6Po6kdRQegSWalZA4TbDiPLIKJldlK6QzrgjMDUhBUER2iLdeg7Qet55damwZD"}
{"name"=>"Jordan Stapinski", "email"=>"jestapinski@yahoo.com", "fb_id"=>"696776167167123", "accessToken"=>"EAADET7KopLkBAGVFD5y15ZBCYAY5hV8mv6AaHdsFv929GBK1aEZARmZA5rmA39F1ZAnTPtqvLK1OXMrLOwnporH9dsDyXOCGDKYfHKqChova8lQsjibKhP1jdlqHwhZAd148qxEGiwpZBThedZB7nP2hzq81KviInjIVARx6Po6kdRQegSWalZA4TbDiPLIKJldlK6QzrgjMDUhBUER2iLdeg7Qet55damwZD", "controller"=>"api", "action"=>"signin"}
  [1m[35mUser Load (2.0ms)[0m  SELECT  "users".* FROM "users"  WHERE "users"."email" = 'jestapinski@yahoo.com'  ORDER BY "users"."id" ASC LIMIT 1
  [1m[36mUser Load (0.8ms)[0m  [1mSELECT  "users".* FROM "users"  WHERE (email ='jestapinski@yahoo.com')  ORDER BY "users"."id" ASC LIMIT 1[0m
Completed 200 OK in 147ms (Views: 0.3ms | ActiveRecord: 6.7ms)


Started POST "/api/signin" for 128.237.181.6 at 2016-12-01 09:19:57 -0500
Processing by ApiController#signin as */*
  Parameters: {"name"=>"Jordan Stapinski", "email"=>"jestapinski@yahoo.com", "fb_id"=>"696776167167123", "accessToken"=>"EAADET7KopLkBAGVFD5y15ZBCYAY5hV8mv6AaHdsFv929GBK1aEZARmZA5rmA39F1ZAnTPtqvLK1OXMrLOwnporH9dsDyXOCGDKYfHKqChova8lQsjibKhP1jdlqHwhZAd148qxEGiwpZBThedZB7nP2hzq81KviInjIVARx6Po6kdRQegSWalZA4TbDiPLIKJldlK6QzrgjMDUhBUER2iLdeg7Qet55damwZD"}
{"name"=>"Jordan Stapinski", "email"=>"jestapinski@yahoo.com", "fb_id"=>"696776167167123", "accessToken"=>"EAADET7KopLkBAGVFD5y15ZBCYAY5hV8mv6AaHdsFv929GBK1aEZARmZA5rmA39F1ZAnTPtqvLK1OXMrLOwnporH9dsDyXOCGDKYfHKqChova8lQsjibKhP1jdlqHwhZAd148qxEGiwpZBThedZB7nP2hzq81KviInjIVARx6Po6kdRQegSWalZA4TbDiPLIKJldlK6QzrgjMDUhBUER2iLdeg7Qet55damwZD", "controller"=>"api", "action"=>"signin"}
  [1m[35mUser Load (0.8ms)[0m  SELECT  "users".* FROM "users"  WHERE "users"."email" = 'jestapinski@yahoo.com'  ORDER BY "users"."id" ASC LIMIT 1
  [1m[36mUser Load (0.7ms)[0m  [1mSELECT  "users".* FROM "users"  WHERE (email ='jestapinski@yahoo.com')  ORDER BY "users"."id" ASC LIMIT 1[0m
Completed 200 OK in 109ms (Views: 0.3ms | ActiveRecord: 1.5ms)


Started GET "/restaurants.json" for 128.237.181.6 at 2016-12-01 09:20:09 -0500
Processing by RestaurantsController#index as JSON
  [1m[35mUser Load (0.8ms)[0m  SELECT  "users".* FROM "users"  WHERE "users"."api_authtoken" = 'alJzwDGUYuVllwgnhCIgU'  ORDER BY "users"."id" ASC LIMIT 1
  [1m[36mRestaurant Load (1.0ms)[0m  [1mSELECT "restaurants".* FROM "restaurants"   ORDER BY "restaurants"."id" ASC[0m
  Rendered restaurants/_restaurant.json.jbuilder (1.0ms)
  Rendered restaurants/_restaurant.json.jbuilder (0.3ms)
  Rendered restaurants/_restaurant.json.jbuilder (0.3ms)
  Rendered restaurants/index.json.jbuilder (65.6ms)
Completed 200 OK in 74ms (Views: 64.4ms | ActiveRecord: 5.1ms)


Started GET "/foods.json?rest_id=1" for 128.237.181.6 at 2016-12-01 09:20:20 -0500
Processing by FoodsController#index as JSON
  Parameters: {"rest_id"=>"1"}
  [1m[35mUser Load (0.8ms)[0m  SELECT  "users".* FROM "users"  WHERE "users"."api_authtoken" = 'alJzwDGUYuVllwgnhCIgU'  ORDER BY "users"."id" ASC LIMIT 1
  [1m[36mFood Load (1.1ms)[0m  [1mSELECT "foods".* FROM "foods"  WHERE (resturant_id = '1')  ORDER BY "foods"."id" ASC[0m
  Rendered foods/_food.json.jbuilder (1.6ms)
  Rendered foods/_food.json.jbuilder (0.6ms)
  Rendered foods/_food.json.jbuilder (0.5ms)
  Rendered foods/index.json.jbuilder (19.1ms)
Completed 200 OK in 26ms (Views: 17.1ms | ActiveRecord: 5.2ms)


Started GET "/restaurants.json?rest_id=1" for 128.237.181.6 at 2016-12-01 09:20:33 -0500
Processing by RestaurantsController#index as JSON
  Parameters: {"rest_id"=>"1"}
  [1m[35mUser Load (1.1ms)[0m  SELECT  "users".* FROM "users"  WHERE "users"."api_authtoken" = 'alJzwDGUYuVllwgnhCIgU'  ORDER BY "users"."id" ASC LIMIT 1
  [1m[36mRestaurant Load (0.9ms)[0m  [1mSELECT "restaurants".* FROM "restaurants"  WHERE (id = '1')[0m
  Rendered restaurants/_restaurant.json.jbuilder (0.5ms)
  Rendered restaurants/index.json.jbuilder (4.0ms)
Completed 200 OK in 11ms (Views: 6.6ms | ActiveRecord: 2.0ms)


Started GET "/foods.json?rest_id=1" for 128.237.181.6 at 2016-12-01 09:20:34 -0500
Processing by FoodsController#index as JSON
  Parameters: {"rest_id"=>"1"}
  [1m[35mUser Load (1.0ms)[0m  SELECT  "users".* FROM "users"  WHERE "users"."api_authtoken" = 'alJzwDGUYuVllwgnhCIgU'  ORDER BY "users"."id" ASC LIMIT 1
  [1m[36mFood Load (0.7ms)[0m  [1mSELECT "foods".* FROM "foods"  WHERE (resturant_id = '1')  ORDER BY "foods"."id" ASC[0m
  Rendered foods/_food.json.jbuilder (0.8ms)
  Rendered foods/_food.json.jbuilder (0.5ms)
  Rendered foods/_food.json.jbuilder (0.5ms)
  Rendered foods/index.json.jbuilder (6.0ms)
Completed 200 OK in 11ms (Views: 7.6ms | ActiveRecord: 1.7ms)


Started GET "/orders/new?commit=Create%20Order&order%5Blatitude%5D=32.1&order%5Bprovider_id%5D=3&order%5Bfood_order_id%5D=&order%5Baddress%5D=123&order%5Bdelivery_status%5D=&order%5Bpayment_id_reciever%5D=&order%5Bpayment_id_user%5D=&order%5Blongitude%5D=33.2&order%5Bcustomer_id%5D=2" for 128.237.181.6 at 2016-12-01 09:20:44 -0500
Processing by OrdersController#new as */*
  Parameters: {"commit"=>"Create Order", "order"=>{"latitude"=>"32.1", "provider_id"=>"3", "food_order_id"=>"", "address"=>"123", "delivery_status"=>"", "payment_id_reciever"=>"", "payment_id_user"=>"", "longitude"=>"33.2", "customer_id"=>"2"}}
  [1m[35mUser Load (0.8ms)[0m  SELECT  "users".* FROM "users"  WHERE "users"."api_authtoken" = 'alJzwDGUYuVllwgnhCIgU'  ORDER BY "users"."id" ASC LIMIT 1
  Rendered orders/_form.html.erb (40.5ms)
  Rendered orders/new.html.erb within layouts/application (47.2ms)
Completed 200 OK in 531ms (Views: 521.1ms | ActiveRecord: 4.3ms)


Started POST "/api/signin" for 128.237.181.6 at 2016-12-01 09:22:05 -0500
Processing by ApiController#signin as */*
  Parameters: {"name"=>"Jordan Stapinski", "email"=>"jestapinski@yahoo.com", "fb_id"=>"696776167167123", "accessToken"=>"EAADET7KopLkBAGVFD5y15ZBCYAY5hV8mv6AaHdsFv929GBK1aEZARmZA5rmA39F1ZAnTPtqvLK1OXMrLOwnporH9dsDyXOCGDKYfHKqChova8lQsjibKhP1jdlqHwhZAd148qxEGiwpZBThedZB7nP2hzq81KviInjIVARx6Po6kdRQegSWalZA4TbDiPLIKJldlK6QzrgjMDUhBUER2iLdeg7Qet55damwZD"}
{"name"=>"Jordan Stapinski", "email"=>"jestapinski@yahoo.com", "fb_id"=>"696776167167123", "accessToken"=>"EAADET7KopLkBAGVFD5y15ZBCYAY5hV8mv6AaHdsFv929GBK1aEZARmZA5rmA39F1ZAnTPtqvLK1OXMrLOwnporH9dsDyXOCGDKYfHKqChova8lQsjibKhP1jdlqHwhZAd148qxEGiwpZBThedZB7nP2hzq81KviInjIVARx6Po6kdRQegSWalZA4TbDiPLIKJldlK6QzrgjMDUhBUER2iLdeg7Qet55damwZD", "controller"=>"api", "action"=>"signin"}
  [1m[36mUser Load (0.8ms)[0m  [1mSELECT  "users".* FROM "users"  WHERE "users"."email" = 'jestapinski@yahoo.com'  ORDER BY "users"."id" ASC LIMIT 1[0m
  [1m[35mUser Load (0.7ms)[0m  SELECT  "users".* FROM "users"  WHERE (email ='jestapinski@yahoo.com')  ORDER BY "users"."id" ASC LIMIT 1
Completed 200 OK in 108ms (Views: 0.3ms | ActiveRecord: 1.4ms)


Started GET "/restaurants.json" for 128.237.181.6 at 2016-12-01 09:22:16 -0500
Processing by RestaurantsController#index as JSON
  [1m[36mUser Load (1.0ms)[0m  [1mSELECT  "users".* FROM "users"  WHERE "users"."api_authtoken" = 'alJzwDGUYuVllwgnhCIgU'  ORDER BY "users"."id" ASC LIMIT 1[0m
  [1m[35mRestaurant Load (0.7ms)[0m  SELECT "restaurants".* FROM "restaurants"   ORDER BY "restaurants"."id" ASC
  Rendered restaurants/_restaurant.json.jbuilder (0.4ms)
  Rendered restaurants/_restaurant.json.jbuilder (0.2ms)
  Rendered restaurants/_restaurant.json.jbuilder (0.3ms)
  Rendered restaurants/index.json.jbuilder (5.0ms)
Completed 200 OK in 12ms (Views: 7.4ms | ActiveRecord: 1.7ms)


Started GET "/foods.json?rest_id=2" for 128.237.181.6 at 2016-12-01 09:22:19 -0500
Processing by FoodsController#index as JSON
  Parameters: {"rest_id"=>"2"}
  [1m[36mUser Load (0.8ms)[0m  [1mSELECT  "users".* FROM "users"  WHERE "users"."api_authtoken" = 'alJzwDGUYuVllwgnhCIgU'  ORDER BY "users"."id" ASC LIMIT 1[0m
  [1m[35mFood Load (0.8ms)[0m  SELECT "foods".* FROM "foods"  WHERE (resturant_id = '2')  ORDER BY "foods"."id" ASC
  Rendered foods/_food.json.jbuilder (0.8ms)
  Rendered foods/_food.json.jbuilder (0.6ms)
  Rendered foods/_food.json.jbuilder (0.7ms)
  Rendered foods/_food.json.jbuilder (0.5ms)
  Rendered foods/index.json.jbuilder (7.6ms)
Completed 200 OK in 13ms (Views: 9.2ms | ActiveRecord: 1.6ms)


Started GET "/restaurants.json?rest_id=2" for 128.237.181.6 at 2016-12-01 09:22:23 -0500
Processing by RestaurantsController#index as JSON
  Parameters: {"rest_id"=>"2"}
  [1m[36mUser Load (1.0ms)[0m  [1mSELECT  "users".* FROM "users"  WHERE "users"."api_authtoken" = 'alJzwDGUYuVllwgnhCIgU'  ORDER BY "users"."id" ASC LIMIT 1[0m
  [1m[35mRestaurant Load (0.7ms)[0m  SELECT "restaurants".* FROM "restaurants"  WHERE (id = '2')
  Rendered restaurants/_restaurant.json.jbuilder (0.4ms)
  Rendered restaurants/index.json.jbuilder (2.9ms)
Completed 200 OK in 9ms (Views: 5.1ms | ActiveRecord: 1.7ms)


Started GET "/foods.json?rest_id=2" for 128.237.181.6 at 2016-12-01 09:22:23 -0500
Processing by FoodsController#index as JSON
  Parameters: {"rest_id"=>"2"}
  [1m[36mUser Load (0.8ms)[0m  [1mSELECT  "users".* FROM "users"  WHERE "users"."api_authtoken" = 'alJzwDGUYuVllwgnhCIgU'  ORDER BY "users"."id" ASC LIMIT 1[0m
  [1m[35mFood Load (0.7ms)[0m  SELECT "foods".* FROM "foods"  WHERE (resturant_id = '2')  ORDER BY "foods"."id" ASC
  Rendered foods/_food.json.jbuilder (0.7ms)
  Rendered foods/_food.json.jbuilder (0.5ms)
  Rendered foods/_food.json.jbuilder (0.5ms)
  Rendered foods/_food.json.jbuilder (0.6ms)
  Rendered foods/index.json.jbuilder (7.4ms)
Completed 200 OK in 13ms (Views: 9.0ms | ActiveRecord: 1.5ms)


Started GET "/orders/new?commit=Create%20Order&order%5Blatitude%5D=32.1&order%5Bprovider_id%5D=3&order%5Bfood_order_id%5D=&order%5Baddress%5D=123&order%5Bdelivery_status%5D=&order%5Bpayment_id_reciever%5D=&order%5Bpayment_id_user%5D=&order%5Blongitude%5D=33.2&order%5Bcustomer_id%5D=2" for 128.237.181.6 at 2016-12-01 09:22:31 -0500
Processing by OrdersController#new as */*
  Parameters: {"commit"=>"Create Order", "order"=>{"latitude"=>"32.1", "provider_id"=>"3", "food_order_id"=>"", "address"=>"123", "delivery_status"=>"", "payment_id_reciever"=>"", "payment_id_user"=>"", "longitude"=>"33.2", "customer_id"=>"2"}}
  [1m[36mUser Load (0.8ms)[0m  [1mSELECT  "users".* FROM "users"  WHERE "users"."api_authtoken" = 'alJzwDGUYuVllwgnhCIgU'  ORDER BY "users"."id" ASC LIMIT 1[0m
  Rendered orders/_form.html.erb (7.0ms)
  Rendered orders/new.html.erb within layouts/application (11.5ms)
Completed 200 OK in 107ms (Views: 104.6ms | ActiveRecord: 0.8ms)


Started POST "/api/signin" for 128.237.181.6 at 2016-12-01 09:25:38 -0500
Processing by ApiController#signin as */*
  Parameters: {"name"=>"Jordan Stapinski", "email"=>"jestapinski@yahoo.com", "fb_id"=>"696776167167123", "accessToken"=>"EAADET7KopLkBAGVFD5y15ZBCYAY5hV8mv6AaHdsFv929GBK1aEZARmZA5rmA39F1ZAnTPtqvLK1OXMrLOwnporH9dsDyXOCGDKYfHKqChova8lQsjibKhP1jdlqHwhZAd148qxEGiwpZBThedZB7nP2hzq81KviInjIVARx6Po6kdRQegSWalZA4TbDiPLIKJldlK6QzrgjMDUhBUER2iLdeg7Qet55damwZD"}
{"name"=>"Jordan Stapinski", "email"=>"jestapinski@yahoo.com", "fb_id"=>"696776167167123", "accessToken"=>"EAADET7KopLkBAGVFD5y15ZBCYAY5hV8mv6AaHdsFv929GBK1aEZARmZA5rmA39F1ZAnTPtqvLK1OXMrLOwnporH9dsDyXOCGDKYfHKqChova8lQsjibKhP1jdlqHwhZAd148qxEGiwpZBThedZB7nP2hzq81KviInjIVARx6Po6kdRQegSWalZA4TbDiPLIKJldlK6QzrgjMDUhBUER2iLdeg7Qet55damwZD", "controller"=>"api", "action"=>"signin"}
  [1m[35mUser Load (1.0ms)[0m  SELECT  "users".* FROM "users"  WHERE "users"."email" = 'jestapinski@yahoo.com'  ORDER BY "users"."id" ASC LIMIT 1
  [1m[36mUser Load (0.7ms)[0m  [1mSELECT  "users".* FROM "users"  WHERE (email ='jestapinski@yahoo.com')  ORDER BY "users"."id" ASC LIMIT 1[0m
Completed 200 OK in 107ms (Views: 0.2ms | ActiveRecord: 1.7ms)


Started GET "/restaurants.json" for 128.237.181.6 at 2016-12-01 09:25:49 -0500
Processing by RestaurantsController#index as JSON
  [1m[35mUser Load (1.0ms)[0m  SELECT  "users".* FROM "users"  WHERE "users"."api_authtoken" = 'alJzwDGUYuVllwgnhCIgU'  ORDER BY "users"."id" ASC LIMIT 1
  [1m[36mRestaurant Load (0.9ms)[0m  [1mSELECT "restaurants".* FROM "restaurants"   ORDER BY "restaurants"."id" ASC[0m
  Rendered restaurants/_restaurant.json.jbuilder (0.4ms)
  Rendered restaurants/_restaurant.json.jbuilder (0.2ms)
  Rendered restaurants/_restaurant.json.jbuilder (0.2ms)
  Rendered restaurants/index.json.jbuilder (5.6ms)
Completed 200 OK in 12ms (Views: 8.2ms | ActiveRecord: 1.9ms)


Started GET "/foods.json?rest_id=1" for 128.237.181.6 at 2016-12-01 09:25:52 -0500
Processing by FoodsController#index as JSON
  Parameters: {"rest_id"=>"1"}
  [1m[35mUser Load (1.1ms)[0m  SELECT  "users".* FROM "users"  WHERE "users"."api_authtoken" = 'alJzwDGUYuVllwgnhCIgU'  ORDER BY "users"."id" ASC LIMIT 1
  [1m[36mFood Load (0.7ms)[0m  [1mSELECT "foods".* FROM "foods"  WHERE (resturant_id = '1')  ORDER BY "foods"."id" ASC[0m
  Rendered foods/_food.json.jbuilder (0.8ms)
  Rendered foods/_food.json.jbuilder (0.6ms)
  Rendered foods/_food.json.jbuilder (0.6ms)
  Rendered foods/index.json.jbuilder (6.2ms)
Completed 200 OK in 12ms (Views: 7.7ms | ActiveRecord: 1.8ms)


Started GET "/restaurants.json?rest_id=1" for 128.237.181.6 at 2016-12-01 09:25:54 -0500
Processing by RestaurantsController#index as JSON
  Parameters: {"rest_id"=>"1"}
  [1m[35mUser Load (0.8ms)[0m  SELECT  "users".* FROM "users"  WHERE "users"."api_authtoken" = 'alJzwDGUYuVllwgnhCIgU'  ORDER BY "users"."id" ASC LIMIT 1
  [1m[36mRestaurant Load (0.7ms)[0m  [1mSELECT "restaurants".* FROM "restaurants"  WHERE (id = '1')[0m
  Rendered restaurants/_restaurant.json.jbuilder (0.3ms)
  Rendered restaurants/index.json.jbuilder (2.8ms)
Completed 200 OK in 8ms (Views: 4.5ms | ActiveRecord: 1.4ms)


Started GET "/foods.json?rest_id=1" for 128.237.181.6 at 2016-12-01 09:25:54 -0500
Processing by FoodsController#index as JSON
  Parameters: {"rest_id"=>"1"}
  [1m[35mUser Load (0.8ms)[0m  SELECT  "users".* FROM "users"  WHERE "users"."api_authtoken" = 'alJzwDGUYuVllwgnhCIgU'  ORDER BY "users"."id" ASC LIMIT 1
  [1m[36mFood Load (0.7ms)[0m  [1mSELECT "foods".* FROM "foods"  WHERE (resturant_id = '1')  ORDER BY "foods"."id" ASC[0m
  Rendered foods/_food.json.jbuilder (0.7ms)
  Rendered foods/_food.json.jbuilder (0.6ms)
  Rendered foods/_food.json.jbuilder (0.5ms)
  Rendered foods/index.json.jbuilder (6.3ms)
Completed 200 OK in 13ms (Views: 8.9ms | ActiveRecord: 1.5ms)


Started POST "/api/signin" for 128.237.181.6 at 2016-12-01 09:26:49 -0500
Processing by ApiController#signin as */*
  Parameters: {"name"=>"Jordan Stapinski", "email"=>"jestapinski@yahoo.com", "fb_id"=>"696776167167123", "accessToken"=>"EAADET7KopLkBAGVFD5y15ZBCYAY5hV8mv6AaHdsFv929GBK1aEZARmZA5rmA39F1ZAnTPtqvLK1OXMrLOwnporH9dsDyXOCGDKYfHKqChova8lQsjibKhP1jdlqHwhZAd148qxEGiwpZBThedZB7nP2hzq81KviInjIVARx6Po6kdRQegSWalZA4TbDiPLIKJldlK6QzrgjMDUhBUER2iLdeg7Qet55damwZD"}
{"name"=>"Jordan Stapinski", "email"=>"jestapinski@yahoo.com", "fb_id"=>"696776167167123", "accessToken"=>"EAADET7KopLkBAGVFD5y15ZBCYAY5hV8mv6AaHdsFv929GBK1aEZARmZA5rmA39F1ZAnTPtqvLK1OXMrLOwnporH9dsDyXOCGDKYfHKqChova8lQsjibKhP1jdlqHwhZAd148qxEGiwpZBThedZB7nP2hzq81KviInjIVARx6Po6kdRQegSWalZA4TbDiPLIKJldlK6QzrgjMDUhBUER2iLdeg7Qet55damwZD", "controller"=>"api", "action"=>"signin"}
  [1m[35mUser Load (1.1ms)[0m  SELECT  "users".* FROM "users"  WHERE "users"."email" = 'jestapinski@yahoo.com'  ORDER BY "users"."id" ASC LIMIT 1
  [1m[36mUser Load (0.9ms)[0m  [1mSELECT  "users".* FROM "users"  WHERE (email ='jestapinski@yahoo.com')  ORDER BY "users"."id" ASC LIMIT 1[0m
Completed 200 OK in 109ms (Views: 0.2ms | ActiveRecord: 2.0ms)


Started POST "/api/signin" for 128.237.181.6 at 2016-12-01 09:29:03 -0500
Processing by ApiController#signin as */*
  Parameters: {"name"=>"Jordan Stapinski", "email"=>"jestapinski@yahoo.com", "fb_id"=>"696776167167123", "accessToken"=>"EAADET7KopLkBAGVFD5y15ZBCYAY5hV8mv6AaHdsFv929GBK1aEZARmZA5rmA39F1ZAnTPtqvLK1OXMrLOwnporH9dsDyXOCGDKYfHKqChova8lQsjibKhP1jdlqHwhZAd148qxEGiwpZBThedZB7nP2hzq81KviInjIVARx6Po6kdRQegSWalZA4TbDiPLIKJldlK6QzrgjMDUhBUER2iLdeg7Qet55damwZD"}
{"name"=>"Jordan Stapinski", "email"=>"jestapinski@yahoo.com", "fb_id"=>"696776167167123", "accessToken"=>"EAADET7KopLkBAGVFD5y15ZBCYAY5hV8mv6AaHdsFv929GBK1aEZARmZA5rmA39F1ZAnTPtqvLK1OXMrLOwnporH9dsDyXOCGDKYfHKqChova8lQsjibKhP1jdlqHwhZAd148qxEGiwpZBThedZB7nP2hzq81KviInjIVARx6Po6kdRQegSWalZA4TbDiPLIKJldlK6QzrgjMDUhBUER2iLdeg7Qet55damwZD", "controller"=>"api", "action"=>"signin"}
  [1m[35mUser Load (0.8ms)[0m  SELECT  "users".* FROM "users"  WHERE "users"."email" = 'jestapinski@yahoo.com'  ORDER BY "users"."id" ASC LIMIT 1
  [1m[36mUser Load (0.7ms)[0m  [1mSELECT  "users".* FROM "users"  WHERE (email ='jestapinski@yahoo.com')  ORDER BY "users"."id" ASC LIMIT 1[0m
Completed 200 OK in 108ms (Views: 0.2ms | ActiveRecord: 1.5ms)


Started GET "/restaurants.json" for 128.237.181.6 at 2016-12-01 09:29:13 -0500
Processing by RestaurantsController#index as JSON
  [1m[35mUser Load (1.0ms)[0m  SELECT  "users".* FROM "users"  WHERE "users"."api_authtoken" = 'alJzwDGUYuVllwgnhCIgU'  ORDER BY "users"."id" ASC LIMIT 1
  [1m[36mRestaurant Load (0.9ms)[0m  [1mSELECT "restaurants".* FROM "restaurants"   ORDER BY "restaurants"."id" ASC[0m
  Rendered restaurants/_restaurant.json.jbuilder (0.5ms)
  Rendered restaurants/_restaurant.json.jbuilder (0.4ms)
  Rendered restaurants/_restaurant.json.jbuilder (0.2ms)
  Rendered restaurants/index.json.jbuilder (6.5ms)
Completed 200 OK in 13ms (Views: 9.1ms | ActiveRecord: 1.9ms)


Started GET "/foods.json?rest_id=2" for 128.237.181.6 at 2016-12-01 09:29:15 -0500
Processing by FoodsController#index as JSON
  Parameters: {"rest_id"=>"2"}
  [1m[35mUser Load (0.8ms)[0m  SELECT  "users".* FROM "users"  WHERE "users"."api_authtoken" = 'alJzwDGUYuVllwgnhCIgU'  ORDER BY "users"."id" ASC LIMIT 1
  [1m[36mFood Load (0.7ms)[0m  [1mSELECT "foods".* FROM "foods"  WHERE (resturant_id = '2')  ORDER BY "foods"."id" ASC[0m
  Rendered foods/_food.json.jbuilder (0.8ms)
  Rendered foods/_food.json.jbuilder (0.7ms)
  Rendered foods/_food.json.jbuilder (0.6ms)
  Rendered foods/_food.json.jbuilder (0.5ms)
  Rendered foods/index.json.jbuilder (7.5ms)
Completed 200 OK in 13ms (Views: 9.1ms | ActiveRecord: 1.5ms)


Started GET "/restaurants.json?rest_id=2" for 128.237.181.6 at 2016-12-01 09:29:17 -0500
Processing by RestaurantsController#index as JSON
  Parameters: {"rest_id"=>"2"}
  [1m[35mUser Load (1.0ms)[0m  SELECT  "users".* FROM "users"  WHERE "users"."api_authtoken" = 'alJzwDGUYuVllwgnhCIgU'  ORDER BY "users"."id" ASC LIMIT 1
  [1m[36mRestaurant Load (0.7ms)[0m  [1mSELECT "restaurants".* FROM "restaurants"  WHERE (id = '2')[0m
  Rendered restaurants/_restaurant.json.jbuilder (0.3ms)
  Rendered restaurants/index.json.jbuilder (2.9ms)
Completed 200 OK in 9ms (Views: 4.6ms | ActiveRecord: 1.7ms)


Started GET "/foods.json?rest_id=2" for 128.237.181.6 at 2016-12-01 09:29:17 -0500
Processing by FoodsController#index as JSON
  Parameters: {"rest_id"=>"2"}
  [1m[35mUser Load (0.8ms)[0m  SELECT  "users".* FROM "users"  WHERE "users"."api_authtoken" = 'alJzwDGUYuVllwgnhCIgU'  ORDER BY "users"."id" ASC LIMIT 1
  [1m[36mFood Load (0.7ms)[0m  [1mSELECT "foods".* FROM "foods"  WHERE (resturant_id = '2')  ORDER BY "foods"."id" ASC[0m
  Rendered foods/_food.json.jbuilder (0.8ms)
  Rendered foods/_food.json.jbuilder (0.5ms)
  Rendered foods/_food.json.jbuilder (0.5ms)
  Rendered foods/_food.json.jbuilder (0.5ms)
  Rendered foods/index.json.jbuilder (7.3ms)
Completed 200 OK in 12ms (Views: 8.9ms | ActiveRecord: 1.5ms)


Started POST "/api/signin" for 128.237.181.6 at 2016-12-01 09:31:45 -0500
Processing by ApiController#signin as */*
  Parameters: {"name"=>"Jordan Stapinski", "email"=>"jestapinski@yahoo.com", "fb_id"=>"696776167167123", "accessToken"=>"EAADET7KopLkBAGVFD5y15ZBCYAY5hV8mv6AaHdsFv929GBK1aEZARmZA5rmA39F1ZAnTPtqvLK1OXMrLOwnporH9dsDyXOCGDKYfHKqChova8lQsjibKhP1jdlqHwhZAd148qxEGiwpZBThedZB7nP2hzq81KviInjIVARx6Po6kdRQegSWalZA4TbDiPLIKJldlK6QzrgjMDUhBUER2iLdeg7Qet55damwZD"}
{"name"=>"Jordan Stapinski", "email"=>"jestapinski@yahoo.com", "fb_id"=>"696776167167123", "accessToken"=>"EAADET7KopLkBAGVFD5y15ZBCYAY5hV8mv6AaHdsFv929GBK1aEZARmZA5rmA39F1ZAnTPtqvLK1OXMrLOwnporH9dsDyXOCGDKYfHKqChova8lQsjibKhP1jdlqHwhZAd148qxEGiwpZBThedZB7nP2hzq81KviInjIVARx6Po6kdRQegSWalZA4TbDiPLIKJldlK6QzrgjMDUhBUER2iLdeg7Qet55damwZD", "controller"=>"api", "action"=>"signin"}
  [1m[35mUser Load (1.1ms)[0m  SELECT  "users".* FROM "users"  WHERE "users"."email" = 'jestapinski@yahoo.com'  ORDER BY "users"."id" ASC LIMIT 1
  [1m[36mUser Load (0.7ms)[0m  [1mSELECT  "users".* FROM "users"  WHERE (email ='jestapinski@yahoo.com')  ORDER BY "users"."id" ASC LIMIT 1[0m
Completed 200 OK in 109ms (Views: 0.2ms | ActiveRecord: 1.8ms)


Started GET "/restaurants.json" for 128.237.181.6 at 2016-12-01 09:31:55 -0500
Processing by RestaurantsController#index as JSON
  [1m[35mUser Load (1.0ms)[0m  SELECT  "users".* FROM "users"  WHERE "users"."api_authtoken" = 'alJzwDGUYuVllwgnhCIgU'  ORDER BY "users"."id" ASC LIMIT 1
  [1m[36mRestaurant Load (0.7ms)[0m  [1mSELECT "restaurants".* FROM "restaurants"   ORDER BY "restaurants"."id" ASC[0m
  Rendered restaurants/_restaurant.json.jbuilder (0.3ms)
  Rendered restaurants/_restaurant.json.jbuilder (0.2ms)
  Rendered restaurants/_restaurant.json.jbuilder (0.2ms)
  Rendered restaurants/index.json.jbuilder (4.9ms)
Completed 200 OK in 12ms (Views: 7.6ms | ActiveRecord: 1.7ms)


Started GET "/foods.json?rest_id=1" for 128.237.181.6 at 2016-12-01 09:31:57 -0500
Processing by FoodsController#index as JSON
  Parameters: {"rest_id"=>"1"}
  [1m[35mUser Load (1.1ms)[0m  SELECT  "users".* FROM "users"  WHERE "users"."api_authtoken" = 'alJzwDGUYuVllwgnhCIgU'  ORDER BY "users"."id" ASC LIMIT 1
  [1m[36mFood Load (0.7ms)[0m  [1mSELECT "foods".* FROM "foods"  WHERE (resturant_id = '1')  ORDER BY "foods"."id" ASC[0m
  Rendered foods/_food.json.jbuilder (0.8ms)
  Rendered foods/_food.json.jbuilder (0.6ms)
  Rendered foods/_food.json.jbuilder (0.5ms)
  Rendered foods/index.json.jbuilder (6.0ms)
Completed 200 OK in 13ms (Views: 8.5ms | ActiveRecord: 1.8ms)


Started GET "/restaurants.json?rest_id=1" for 128.237.181.6 at 2016-12-01 09:31:59 -0500
Processing by RestaurantsController#index as JSON
  Parameters: {"rest_id"=>"1"}
  [1m[35mUser Load (0.8ms)[0m  SELECT  "users".* FROM "users"  WHERE "users"."api_authtoken" = 'alJzwDGUYuVllwgnhCIgU'  ORDER BY "users"."id" ASC LIMIT 1
  [1m[36mRestaurant Load (0.7ms)[0m  [1mSELECT "restaurants".* FROM "restaurants"  WHERE (id = '1')[0m
  Rendered restaurants/_restaurant.json.jbuilder (0.3ms)
  Rendered restaurants/index.json.jbuilder (2.9ms)
Completed 200 OK in 8ms (Views: 4.5ms | ActiveRecord: 1.5ms)


Started GET "/foods.json?rest_id=1" for 128.237.181.6 at 2016-12-01 09:31:59 -0500
Processing by FoodsController#index as JSON
  Parameters: {"rest_id"=>"1"}
  [1m[35mUser Load (0.8ms)[0m  SELECT  "users".* FROM "users"  WHERE "users"."api_authtoken" = 'alJzwDGUYuVllwgnhCIgU'  ORDER BY "users"."id" ASC LIMIT 1
  [1m[36mFood Load (0.8ms)[0m  [1mSELECT "foods".* FROM "foods"  WHERE (resturant_id = '1')  ORDER BY "foods"."id" ASC[0m
  Rendered foods/_food.json.jbuilder (0.8ms)
  Rendered foods/_food.json.jbuilder (0.6ms)
  Rendered foods/_food.json.jbuilder (0.5ms)
  Rendered foods/index.json.jbuilder (6.1ms)
Completed 200 OK in 11ms (Views: 7.7ms | ActiveRecord: 1.5ms)


Started GET "/orders/new?commit=Create%20Order&order%5Blatitude%5D=32.1&order%5Bprovider_id%5D=3&order%5Bfood_order_id%5D=&order%5Baddress%5D=123&order%5Bdelivery_status%5D=&order%5Bpayment_id_reciever%5D=&order%5Bpayment_id_user%5D=&order%5Blongitude%5D=33.2&order%5Bcustomer_id%5D=2" for 128.237.181.6 at 2016-12-01 09:32:06 -0500
Processing by OrdersController#new as */*
  Parameters: {"commit"=>"Create Order", "order"=>{"latitude"=>"32.1", "provider_id"=>"3", "food_order_id"=>"", "address"=>"123", "delivery_status"=>"", "payment_id_reciever"=>"", "payment_id_user"=>"", "longitude"=>"33.2", "customer_id"=>"2"}}
  [1m[35mUser Load (1.0ms)[0m  SELECT  "users".* FROM "users"  WHERE "users"."api_authtoken" = 'alJzwDGUYuVllwgnhCIgU'  ORDER BY "users"."id" ASC LIMIT 1
  Rendered orders/_form.html.erb (6.9ms)
  Rendered orders/new.html.erb within layouts/application (11.3ms)
Completed 200 OK in 134ms (Views: 130.3ms | ActiveRecord: 1.0ms)


Started POST "/api/signin" for 128.237.165.183 at 2016-12-01 10:31:45 -0500
Processing by ApiController#signin as */*
  Parameters: {"name"=>"Jordan Stapinski", "email"=>"jestapinski@yahoo.com", "fb_id"=>"696776167167123", "accessToken"=>"EAADET7KopLkBAGVFD5y15ZBCYAY5hV8mv6AaHdsFv929GBK1aEZARmZA5rmA39F1ZAnTPtqvLK1OXMrLOwnporH9dsDyXOCGDKYfHKqChova8lQsjibKhP1jdlqHwhZAd148qxEGiwpZBThedZB7nP2hzq81KviInjIVARx6Po6kdRQegSWalZA4TbDiPLIKJldlK6QzrgjMDUhBUER2iLdeg7Qet55damwZD"}
{"name"=>"Jordan Stapinski", "email"=>"jestapinski@yahoo.com", "fb_id"=>"696776167167123", "accessToken"=>"EAADET7KopLkBAGVFD5y15ZBCYAY5hV8mv6AaHdsFv929GBK1aEZARmZA5rmA39F1ZAnTPtqvLK1OXMrLOwnporH9dsDyXOCGDKYfHKqChova8lQsjibKhP1jdlqHwhZAd148qxEGiwpZBThedZB7nP2hzq81KviInjIVARx6Po6kdRQegSWalZA4TbDiPLIKJldlK6QzrgjMDUhBUER2iLdeg7Qet55damwZD", "controller"=>"api", "action"=>"signin"}
  [1m[36mUser Load (0.8ms)[0m  [1mSELECT  "users".* FROM "users"  WHERE "users"."email" = 'jestapinski@yahoo.com'  ORDER BY "users"."id" ASC LIMIT 1[0m
  [1m[35mUser Load (0.7ms)[0m  SELECT  "users".* FROM "users"  WHERE (email ='jestapinski@yahoo.com')  ORDER BY "users"."id" ASC LIMIT 1
Completed 200 OK in 111ms (Views: 0.2ms | ActiveRecord: 1.5ms)


Started GET "/restaurants.json" for 128.237.165.183 at 2016-12-01 10:32:14 -0500
Processing by RestaurantsController#index as JSON
  [1m[36mUser Load (0.8ms)[0m  [1mSELECT  "users".* FROM "users"  WHERE "users"."api_authtoken" = 'alJzwDGUYuVllwgnhCIgU'  ORDER BY "users"."id" ASC LIMIT 1[0m
  [1m[35mRestaurant Load (0.7ms)[0m  SELECT "restaurants".* FROM "restaurants"   ORDER BY "restaurants"."id" ASC
  Rendered restaurants/_restaurant.json.jbuilder (0.3ms)
  Rendered restaurants/_restaurant.json.jbuilder (0.2ms)
  Rendered restaurants/_restaurant.json.jbuilder (0.4ms)
  Rendered restaurants/index.json.jbuilder (5.3ms)
Completed 200 OK in 11ms (Views: 7.2ms | ActiveRecord: 1.5ms)


Started GET "/foods.json?rest_id=3" for 128.237.165.183 at 2016-12-01 10:32:18 -0500
Processing by FoodsController#index as JSON
  Parameters: {"rest_id"=>"3"}
  [1m[36mUser Load (1.1ms)[0m  [1mSELECT  "users".* FROM "users"  WHERE "users"."api_authtoken" = 'alJzwDGUYuVllwgnhCIgU'  ORDER BY "users"."id" ASC LIMIT 1[0m
  [1m[35mFood Load (0.7ms)[0m  SELECT "foods".* FROM "foods"  WHERE (resturant_id = '3')  ORDER BY "foods"."id" ASC
  Rendered foods/_food.json.jbuilder (0.7ms)
  Rendered foods/_food.json.jbuilder (0.6ms)
  Rendered foods/_food.json.jbuilder (0.6ms)
  Rendered foods/index.json.jbuilder (6.6ms)
Completed 200 OK in 13ms (Views: 8.4ms | ActiveRecord: 1.8ms)


Started GET "/restaurants.json?rest_id=3" for 128.237.165.183 at 2016-12-01 10:32:21 -0500
Processing by RestaurantsController#index as JSON
  Parameters: {"rest_id"=>"3"}
  [1m[36mUser Load (1.0ms)[0m  [1mSELECT  "users".* FROM "users"  WHERE "users"."api_authtoken" = 'alJzwDGUYuVllwgnhCIgU'  ORDER BY "users"."id" ASC LIMIT 1[0m
  [1m[35mRestaurant Load (1.0ms)[0m  SELECT "restaurants".* FROM "restaurants"  WHERE (id = '3')
  Rendered restaurants/_restaurant.json.jbuilder (0.4ms)
  Rendered restaurants/index.json.jbuilder (4.7ms)
Completed 200 OK in 13ms (Views: 7.4ms | ActiveRecord: 2.0ms)


Started GET "/foods.json?rest_id=3" for 128.237.165.183 at 2016-12-01 10:32:21 -0500
Processing by FoodsController#index as JSON
  Parameters: {"rest_id"=>"3"}
  [1m[36mUser Load (0.8ms)[0m  [1mSELECT  "users".* FROM "users"  WHERE "users"."api_authtoken" = 'alJzwDGUYuVllwgnhCIgU'  ORDER BY "users"."id" ASC LIMIT 1[0m
  [1m[35mFood Load (0.8ms)[0m  SELECT "foods".* FROM "foods"  WHERE (resturant_id = '3')  ORDER BY "foods"."id" ASC
  Rendered foods/_food.json.jbuilder (0.9ms)
  Rendered foods/_food.json.jbuilder (0.5ms)
  Rendered foods/_food.json.jbuilder (0.5ms)
  Rendered foods/index.json.jbuilder (6.8ms)
Completed 200 OK in 12ms (Views: 8.5ms | ActiveRecord: 1.5ms)


Started GET "/orders/new?commit=Create%20Order&order%5Blatitude%5D=32.1&order%5Bprovider_id%5D=3&order%5Bfood_order_id%5D=&order%5Baddress%5D=123&order%5Bdelivery_status%5D=&order%5Bpayment_id_reciever%5D=&order%5Bpayment_id_user%5D=&order%5Blongitude%5D=33.2&order%5Bcustomer_id%5D=2" for 128.237.165.183 at 2016-12-01 10:32:31 -0500
Processing by OrdersController#new as */*
  Parameters: {"commit"=>"Create Order", "order"=>{"latitude"=>"32.1", "provider_id"=>"3", "food_order_id"=>"", "address"=>"123", "delivery_status"=>"", "payment_id_reciever"=>"", "payment_id_user"=>"", "longitude"=>"33.2", "customer_id"=>"2"}}
  [1m[36mUser Load (0.8ms)[0m  [1mSELECT  "users".* FROM "users"  WHERE "users"."api_authtoken" = 'alJzwDGUYuVllwgnhCIgU'  ORDER BY "users"."id" ASC LIMIT 1[0m
  Rendered orders/_form.html.erb (8.3ms)
  Rendered orders/new.html.erb within layouts/application (12.9ms)
Completed 200 OK in 120ms (Views: 117.0ms | ActiveRecord: 0.8ms)


Started POST "/api/signin" for 128.237.165.183 at 2016-12-01 12:04:27 -0500
Processing by ApiController#signin as */*
  Parameters: {"name"=>"Jordan Stapinski", "email"=>"jestapinski@yahoo.com", "fb_id"=>"696776167167123", "accessToken"=>"EAADET7KopLkBAGVFD5y15ZBCYAY5hV8mv6AaHdsFv929GBK1aEZARmZA5rmA39F1ZAnTPtqvLK1OXMrLOwnporH9dsDyXOCGDKYfHKqChova8lQsjibKhP1jdlqHwhZAd148qxEGiwpZBThedZB7nP2hzq81KviInjIVARx6Po6kdRQegSWalZA4TbDiPLIKJldlK6QzrgjMDUhBUER2iLdeg7Qet55damwZD"}
{"name"=>"Jordan Stapinski", "email"=>"jestapinski@yahoo.com", "fb_id"=>"696776167167123", "accessToken"=>"EAADET7KopLkBAGVFD5y15ZBCYAY5hV8mv6AaHdsFv929GBK1aEZARmZA5rmA39F1ZAnTPtqvLK1OXMrLOwnporH9dsDyXOCGDKYfHKqChova8lQsjibKhP1jdlqHwhZAd148qxEGiwpZBThedZB7nP2hzq81KviInjIVARx6Po6kdRQegSWalZA4TbDiPLIKJldlK6QzrgjMDUhBUER2iLdeg7Qet55damwZD", "controller"=>"api", "action"=>"signin"}
  [1m[35mUser Load (1.0ms)[0m  SELECT  "users".* FROM "users"  WHERE "users"."email" = 'jestapinski@yahoo.com'  ORDER BY "users"."id" ASC LIMIT 1
  [1m[36mUser Load (0.7ms)[0m  [1mSELECT  "users".* FROM "users"  WHERE (email ='jestapinski@yahoo.com')  ORDER BY "users"."id" ASC LIMIT 1[0m
Completed 200 OK in 110ms (Views: 0.3ms | ActiveRecord: 1.8ms)


Started GET "/restaurants.json" for 128.237.165.183 at 2016-12-01 12:04:53 -0500
Processing by RestaurantsController#index as JSON
  [1m[35mUser Load (1.0ms)[0m  SELECT  "users".* FROM "users"  WHERE "users"."api_authtoken" = 'alJzwDGUYuVllwgnhCIgU'  ORDER BY "users"."id" ASC LIMIT 1
  [1m[36mRestaurant Load (0.7ms)[0m  [1mSELECT "restaurants".* FROM "restaurants"   ORDER BY "restaurants"."id" ASC[0m
  Rendered restaurants/_restaurant.json.jbuilder (0.3ms)
  Rendered restaurants/_restaurant.json.jbuilder (0.2ms)
  Rendered restaurants/_restaurant.json.jbuilder (0.2ms)
  Rendered restaurants/index.json.jbuilder (4.9ms)
Completed 200 OK in 11ms (Views: 7.0ms | ActiveRecord: 1.7ms)


Started GET "/foods.json?rest_id=3" for 128.237.165.183 at 2016-12-01 12:04:55 -0500
Processing by FoodsController#index as JSON
  Parameters: {"rest_id"=>"3"}
  [1m[35mUser Load (0.8ms)[0m  SELECT  "users".* FROM "users"  WHERE "users"."api_authtoken" = 'alJzwDGUYuVllwgnhCIgU'  ORDER BY "users"."id" ASC LIMIT 1
  [1m[36mFood Load (0.7ms)[0m  [1mSELECT "foods".* FROM "foods"  WHERE (resturant_id = '3')  ORDER BY "foods"."id" ASC[0m
  Rendered foods/_food.json.jbuilder (0.7ms)
  Rendered foods/_food.json.jbuilder (0.6ms)
  Rendered foods/_food.json.jbuilder (0.5ms)
  Rendered foods/index.json.jbuilder (5.8ms)
Completed 200 OK in 11ms (Views: 7.4ms | ActiveRecord: 1.5ms)


Started GET "/restaurants.json?rest_id=3" for 128.237.165.183 at 2016-12-01 12:04:57 -0500
Processing by RestaurantsController#index as JSON
  Parameters: {"rest_id"=>"3"}
  [1m[35mUser Load (1.0ms)[0m  SELECT  "users".* FROM "users"  WHERE "users"."api_authtoken" = 'alJzwDGUYuVllwgnhCIgU'  ORDER BY "users"."id" ASC LIMIT 1
  [1m[36mRestaurant Load (0.7ms)[0m  [1mSELECT "restaurants".* FROM "restaurants"  WHERE (id = '3')[0m
  Rendered restaurants/_restaurant.json.jbuilder (0.3ms)
  Rendered restaurants/index.json.jbuilder (2.9ms)
Completed 200 OK in 9ms (Views: 4.6ms | ActiveRecord: 1.7ms)


Started GET "/foods.json?rest_id=3" for 128.237.165.183 at 2016-12-01 12:04:57 -0500
Processing by FoodsController#index as JSON
  Parameters: {"rest_id"=>"3"}
  [1m[35mUser Load (0.9ms)[0m  SELECT  "users".* FROM "users"  WHERE "users"."api_authtoken" = 'alJzwDGUYuVllwgnhCIgU'  ORDER BY "users"."id" ASC LIMIT 1
  [1m[36mFood Load (0.7ms)[0m  [1mSELECT "foods".* FROM "foods"  WHERE (resturant_id = '3')  ORDER BY "foods"."id" ASC[0m
  Rendered foods/_food.json.jbuilder (0.7ms)
  Rendered foods/_food.json.jbuilder (0.5ms)
  Rendered foods/_food.json.jbuilder (0.5ms)
  Rendered foods/index.json.jbuilder (5.9ms)
Completed 200 OK in 11ms (Views: 7.4ms | ActiveRecord: 1.6ms)


Started GET "/orders/new?commit=Create%20Order&order%5Blatitude%5D=32.1&order%5Bprovider_id%5D=3&order%5Bfood_order_id%5D=&order%5Baddress%5D=123&order%5Bdelivery_status%5D=&order%5Bpayment_id_reciever%5D=&order%5Bpayment_id_user%5D=&order%5Blongitude%5D=33.2&order%5Bcustomer_id%5D=2" for 128.237.165.183 at 2016-12-01 12:05:07 -0500
Processing by OrdersController#new as */*
  Parameters: {"commit"=>"Create Order", "order"=>{"latitude"=>"32.1", "provider_id"=>"3", "food_order_id"=>"", "address"=>"123", "delivery_status"=>"", "payment_id_reciever"=>"", "payment_id_user"=>"", "longitude"=>"33.2", "customer_id"=>"2"}}
  [1m[35mUser Load (1.0ms)[0m  SELECT  "users".* FROM "users"  WHERE "users"."api_authtoken" = 'alJzwDGUYuVllwgnhCIgU'  ORDER BY "users"."id" ASC LIMIT 1
  Rendered orders/_form.html.erb (6.5ms)
  Rendered orders/new.html.erb within layouts/application (10.9ms)
Completed 200 OK in 105ms (Views: 102.0ms | ActiveRecord: 1.0ms)


Started POST "/api/signin" for 128.237.165.183 at 2016-12-01 12:09:31 -0500
Processing by ApiController#signin as */*
  Parameters: {"name"=>"Jordan Stapinski", "email"=>"jestapinski@yahoo.com", "fb_id"=>"696776167167123", "accessToken"=>"EAADET7KopLkBAGVFD5y15ZBCYAY5hV8mv6AaHdsFv929GBK1aEZARmZA5rmA39F1ZAnTPtqvLK1OXMrLOwnporH9dsDyXOCGDKYfHKqChova8lQsjibKhP1jdlqHwhZAd148qxEGiwpZBThedZB7nP2hzq81KviInjIVARx6Po6kdRQegSWalZA4TbDiPLIKJldlK6QzrgjMDUhBUER2iLdeg7Qet55damwZD"}
{"name"=>"Jordan Stapinski", "email"=>"jestapinski@yahoo.com", "fb_id"=>"696776167167123", "accessToken"=>"EAADET7KopLkBAGVFD5y15ZBCYAY5hV8mv6AaHdsFv929GBK1aEZARmZA5rmA39F1ZAnTPtqvLK1OXMrLOwnporH9dsDyXOCGDKYfHKqChova8lQsjibKhP1jdlqHwhZAd148qxEGiwpZBThedZB7nP2hzq81KviInjIVARx6Po6kdRQegSWalZA4TbDiPLIKJldlK6QzrgjMDUhBUER2iLdeg7Qet55damwZD", "controller"=>"api", "action"=>"signin"}
  [1m[36mUser Load (0.8ms)[0m  [1mSELECT  "users".* FROM "users"  WHERE "users"."email" = 'jestapinski@yahoo.com'  ORDER BY "users"."id" ASC LIMIT 1[0m
  [1m[35mUser Load (0.7ms)[0m  SELECT  "users".* FROM "users"  WHERE (email ='jestapinski@yahoo.com')  ORDER BY "users"."id" ASC LIMIT 1
Completed 200 OK in 106ms (Views: 0.3ms | ActiveRecord: 1.4ms)


Started POST "/api/signin" for 128.237.200.129 at 2016-12-01 12:12:38 -0500
Processing by ApiController#signin as */*
  Parameters: {"name"=>"Jeremy Lee", "email"=>"jalee@andrew.cmu.edu", "fb_id"=>"10209608788849387", "accessToken"=>"EAADET7KopLkBAB1tZCpqrXXlZC5rR7pno6ZBV42P6okVLluhueYizobiBNTWZAb5wxHtRhRhr9qYSZCpoCGD3magSm0RCCH8luQ8L7NfbXv1Djb9Ucz4wznAcWMCkA6OkJNLATaD9lqvs3sb8vLsVxZC7yXAM9pYrJH5pOEZCfkWf8ojYKc2WbES9LyHyDWFQ3LPgf1O8VLIs158ad9yHx3DdOFVA1wyvEZD"}
{"name"=>"Jeremy Lee", "email"=>"jalee@andrew.cmu.edu", "fb_id"=>"10209608788849387", "accessToken"=>"EAADET7KopLkBAB1tZCpqrXXlZC5rR7pno6ZBV42P6okVLluhueYizobiBNTWZAb5wxHtRhRhr9qYSZCpoCGD3magSm0RCCH8luQ8L7NfbXv1Djb9Ucz4wznAcWMCkA6OkJNLATaD9lqvs3sb8vLsVxZC7yXAM9pYrJH5pOEZCfkWf8ojYKc2WbES9LyHyDWFQ3LPgf1O8VLIs158ad9yHx3DdOFVA1wyvEZD", "controller"=>"api", "action"=>"signin"}
  [1m[36mUser Load (1.0ms)[0m  [1mSELECT  "users".* FROM "users"  WHERE "users"."email" = 'jalee@andrew.cmu.edu'  ORDER BY "users"."id" ASC LIMIT 1[0m
  [1m[35mUser Load (0.7ms)[0m  SELECT  "users".* FROM "users"  WHERE (email ='jalee@andrew.cmu.edu')  ORDER BY "users"."id" ASC LIMIT 1
Completed 200 OK in 108ms (Views: 0.2ms | ActiveRecord: 1.7ms)


Started GET "/restaurants.json" for 128.237.200.129 at 2016-12-01 12:12:48 -0500
Processing by RestaurantsController#index as JSON
  [1m[36mUser Load (1.0ms)[0m  [1mSELECT  "users".* FROM "users"  WHERE "users"."api_authtoken" = 'ylEAhMUXvFQHJYmYijNCo'  ORDER BY "users"."id" ASC LIMIT 1[0m
  [1m[35mRestaurant Load (0.8ms)[0m  SELECT "restaurants".* FROM "restaurants"   ORDER BY "restaurants"."id" ASC
  Rendered restaurants/_restaurant.json.jbuilder (0.3ms)
  Rendered restaurants/_restaurant.json.jbuilder (0.2ms)
  Rendered restaurants/_restaurant.json.jbuilder (0.2ms)
  Rendered restaurants/index.json.jbuilder (5.2ms)
Completed 200 OK in 12ms (Views: 7.7ms | ActiveRecord: 1.8ms)


Started GET "/foods.json?rest_id=2" for 128.237.200.129 at 2016-12-01 12:12:49 -0500
Processing by FoodsController#index as JSON
  Parameters: {"rest_id"=>"2"}
  [1m[36mUser Load (1.0ms)[0m  [1mSELECT  "users".* FROM "users"  WHERE "users"."api_authtoken" = 'ylEAhMUXvFQHJYmYijNCo'  ORDER BY "users"."id" ASC LIMIT 1[0m
  [1m[35mFood Load (0.7ms)[0m  SELECT "foods".* FROM "foods"  WHERE (resturant_id = '2')  ORDER BY "foods"."id" ASC
  Rendered foods/_food.json.jbuilder (0.7ms)
  Rendered foods/_food.json.jbuilder (0.5ms)
  Rendered foods/_food.json.jbuilder (0.5ms)
  Rendered foods/_food.json.jbuilder (0.6ms)
  Rendered foods/index.json.jbuilder (7.2ms)
Completed 200 OK in 13ms (Views: 8.8ms | ActiveRecord: 1.7ms)


Started GET "/restaurants.json?rest_id=2" for 128.237.200.129 at 2016-12-01 12:12:51 -0500
Processing by RestaurantsController#index as JSON
  Parameters: {"rest_id"=>"2"}
  [1m[36mUser Load (0.8ms)[0m  [1mSELECT  "users".* FROM "users"  WHERE "users"."api_authtoken" = 'ylEAhMUXvFQHJYmYijNCo'  ORDER BY "users"."id" ASC LIMIT 1[0m
  [1m[35mRestaurant Load (0.7ms)[0m  SELECT "restaurants".* FROM "restaurants"  WHERE (id = '2')
  Rendered restaurants/_restaurant.json.jbuilder (0.3ms)
  Rendered restaurants/index.json.jbuilder (2.8ms)
Completed 200 OK in 8ms (Views: 4.5ms | ActiveRecord: 1.5ms)


Started GET "/foods.json?rest_id=2" for 128.237.200.129 at 2016-12-01 12:12:51 -0500
Processing by FoodsController#index as JSON
  Parameters: {"rest_id"=>"2"}
  [1m[36mUser Load (0.8ms)[0m  [1mSELECT  "users".* FROM "users"  WHERE "users"."api_authtoken" = 'ylEAhMUXvFQHJYmYijNCo'  ORDER BY "users"."id" ASC LIMIT 1[0m
  [1m[35mFood Load (0.7ms)[0m  SELECT "foods".* FROM "foods"  WHERE (resturant_id = '2')  ORDER BY "foods"."id" ASC
  Rendered foods/_food.json.jbuilder (0.8ms)
  Rendered foods/_food.json.jbuilder (0.6ms)
  Rendered foods/_food.json.jbuilder (0.5ms)
  Rendered foods/_food.json.jbuilder (0.5ms)
  Rendered foods/index.json.jbuilder (7.0ms)
Completed 200 OK in 12ms (Views: 8.6ms | ActiveRecord: 1.5ms)


Started GET "/orders/new?commit=Create%20Order&order%5Blatitude%5D=32.1&order%5Bprovider_id%5D=3&order%5Bfood_order_id%5D=&order%5Baddress%5D=123&order%5Bdelivery_status%5D=&order%5Bpayment_id_reciever%5D=&order%5Bpayment_id_user%5D=&order%5Blongitude%5D=33.2&order%5Bcustomer_id%5D=2" for 128.237.200.129 at 2016-12-01 12:12:57 -0500
